Ansys Lumerical 2022 R1.4 Variational FDTD Solver Version 7.19.3044 (Linux 64bit)
 expires (month/day/year): 5/2/2023
using config file: Ansys Licensing set with ANSYSLMD_LICENSE_FILE
license host: 1055@10.75.13.24
current time: Tue Dec 20 14:10:07 2022
Running on host: fotonica02-System-Product-Name
All processes are communicating and ready to proceed to simulation...
Running lms file: /opt/lumerical/v221/bin/varfdtd-engine-mpich2nem -t 1 -remote -shared-solve-license QU5TWVNDTF9DT05URVhUX0RBVEE9PEFOU1lTQ0xfQ09OVEVYVF9EQVRBPjxJRD5iYjBhNzY0MS0yZGY5LTQzNzgtOTUzOS02OWI1MmVjMmRhOTI8L0lEPjxUWVBFPkFQUF9ERUZJTkVEPC9UWVBFPjxOQU1FPmx1bV9zdGFuZGFyZF9zb2x2ZV9zaGFyZTwvTkFNRT48SEFORExFUj41NjY3MUBmb3RvbmljYTAyLVN5c3RlbS1Qcm9kdWN0LU5hbWU8L0hBTkRMRVI+PC9BTlNZU0NMX0NPTlRFWFRfREFUQT4KQU5TWVNfQ09OVEVYVF9JRD1iYjBhNzY0MS0yZGY5LTQzNzgtOTUzOS02OWI1MmVjMmRhOTIKQU5TWVNfQ09OVEVYVF9TRVJWRVI9NTY2NzFAZm90b25pY2EwMi1TeXN0ZW0tUHJvZHVjdC1OYW1lCg== /media/leonardo/datam02/2x4MMI_Hybrid/CML/hybridMODE.lms
Starting meshing
Simulation size in gridpoints: 1 x 155 x 1
Refined 0 mesh cells (0%)
Completed meshing!
Meshing complete in 0.002417 seconds of CPU time
Starting meshing
Simulation size in gridpoints: 1 x 155 x 1
Refined 0 mesh cells (0%)
Completed meshing!
Meshing complete in 0.002059 seconds of CPU time
Starting meshing
Simulation size in gridpoints: 1 x 155 x 1
Refined 0 mesh cells (0%)
Completed meshing!
Meshing complete in 0.00189 seconds of CPU time
Starting meshing
Simulation size in gridpoints: 1 x 156 x 1
Refined 0 mesh cells (0%)
Completed meshing!
Meshing complete in 0.002274 seconds of CPU time
Starting meshing
Simulation size in gridpoints: 1 x 156 x 1
Refined 0 mesh cells (0%)
Completed meshing!
Meshing complete in 0.00212 seconds of CPU time
Starting meshing
Simulation size in gridpoints: 1 x 156 x 1
Refined 0 mesh cells (0%)
Completed meshing!
Meshing complete in 0.001715 seconds of CPU time
number of processors is 8
processors are distributed as: 8x1x1
Running TE Simulation
Starting meshing
Simulation size in gridpoints: 1173 x 1730 x 1
Refined 0 mesh cells (0%)
Completed meshing!
Meshing complete in 7.11915 seconds of CPU time
27376 27376
Starting meshing
Simulation size in gridpoints: 1173 x 1730 x 1
Refined 0 mesh cells (0%)
Completed meshing!
Meshing complete in 7.18514 seconds of CPU time
23488 23488
finished material properties
Selected kernel with optimization level: 0 and split-field propagation direction: 0
-----------------------------------------
Beginning initialization of TE Simulation
Starting to add sources to simulation
Adding TE Mode Source propagating in X
Adding TE Mode Source propagating in X
Starting to add boundary conditions to simulation
Adding TE PML BC
Adding TE parallel BC
Adding TE PML BC
Adding TE PML BC
Starting to add monitors to Simulation
Adding analysis monitor
Adding TE DFT monitor
Monitor ::model::port 1 is outside the simulation and will not record any data
Adding TE DFT monitor
Monitor ::model::port 2 is outside the simulation and will not record any data
Adding TE DFT monitor
Monitor ::model::port 3 is outside the simulation and will not record any data
Adding TE DFT monitor
Monitor ::model::port 4 is outside the simulation and will not record any data
Adding TE DFT monitor
Monitor ::model::port 5 is outside the simulation and will not record any data
Adding TE DFT monitor
Monitor ::model::port 6 is outside the simulation and will not record any data
Adding TE DFT monitor
Finished initialization of TE Simulation
-----------------------------------------
All processes are communicating and ready to proceed to simulation...
Starting 49255 total iterations
0% complete. Max time remaining: 57 mins, 31 secs. Auto Shutoff: 1
1% complete. Max time remaining: 57 mins, 48 secs. Auto Shutoff: 1
2% complete. Max time remaining: 56 mins, 54 secs. Auto Shutoff: 1
3% complete. Max time remaining: 56 mins, 17 secs. Auto Shutoff: 1
